<?xml version="1.0" encoding="UTF-8"?>
<!-- Generated by org.testng.reporters.JUnitReportReporter -->
<testsuite hostname="SHADAB_ANWAR" failures="0" tests="2" name="com.qa.mobile.tests.MobileHomePageTest" time="1.758" errors="0" timestamp="2020-07-25T13:52:19 IST" skipped="0">
  <testcase classname="com.qa.mobile.tests.MobileHomePageTest" name="VerifyHomePage" time="0.006"/>
  <system-out/>
  <testcase classname="com.qa.mobile.tests.MobileHomePageTest" name="clickingOnAccessiblity" time="1.752"/>
  <system-out/>
</testsuite> <!-- com.qa.mobile.tests.MobileHomePageTest -->
